#
# There is insufficient memory for the Java Runtime Environment to continue.
# Native memory allocation (mmap) failed to map 2097152 bytes for G1 virtual space
# Possible reasons:
#   The system is out of physical RAM or swap space
#   The process is running with CompressedOops enabled, and the Java Heap may be blocking the growth of the native heap
# Possible solutions:
#   Reduce memory load on the system
#   Increase physical memory or swap space
#   Check if swap backing store is full
#   Decrease Java heap size (-Xmx/-Xms)
#   Decrease number of Java threads
#   Decrease Java thread stack sizes (-Xss)
#   Set larger code cache with -XX:ReservedCodeCacheSize=
#   JVM is running with Unscaled Compressed Oops mode in which the Java heap is
#     placed in the first 4GB address space. The Java Heap base address is the
#     maximum limit for the native heap growth. Please use -XX:HeapBaseMinAddress
#     to set the Java Heap base and to place the Java Heap above 4GB virtual address.
# This output file may be truncated or incomplete.
#
#  Out of Memory Error (os_windows.cpp:3469), pid=15496, tid=840
#
# JRE version:  (17.0+35) (build )
# Java VM: OpenJDK 64-Bit Server VM (17+35, mixed mode, sharing, tiered, compressed oops, compressed class ptrs, g1 gc, windows-amd64)
# No core dump will be written. Minidumps are not enabled by default on client versions of Windows
#

---------------  S U M M A R Y ------------

Command Line: -Dfile.encoding=Cp1252 -XX:+ShowCodeDetailsInExceptionMessages Library

Host: Intel(R) Core(TM) i3-4000M CPU @ 2.40GHz, 4 cores, 7G,  Windows 10 , 64 bit Build 19041 (10.0.19041.1466)
Time: Sun Feb  6 14:35:39 2022 Myanmar Standard Time elapsed time: 0.018651 seconds (0d 0h 0m 0s)

---------------  T H R E A D  ---------------

Current thread (0x000001acee28bb60):  JavaThread "Unknown thread" [_thread_in_vm, id=840, stack(0x00000040cd400000,0x00000040cd500000)]

Stack: [0x00000040cd400000,0x00000040cd500000]
Native frames: (J=compiled Java code, j=interpreted, Vv=VM code, C=native code)
V  [jvm.dll+0x674afa]
V  [jvm.dll+0x82eb44]
V  [jvm.dll+0x8302ee]
V  [jvm.dll+0x830953]
V  [jvm.dll+0x245335]
V  [jvm.dll+0x671ae9]
V  [jvm.dll+0x6665b2]
V  [jvm.dll+0x303e3b]
V  [jvm.dll+0x30b376]
V  [jvm.dll+0x35b323]
V  [jvm.dll+0x35b53f]
V  [jvm.dll+0x2dad78]
V  [jvm.dll+0x2dbce4]
V  [jvm.dll+0x8006a1]
V  [jvm.dll+0x369081]
V  [jvm.dll+0x7dfb6c]
V  [jvm.dll+0x3eb9bf]
V  [jvm.dll+0x3ed6f1]
C  [jli.dll+0x5277]
C  [ucrtbase.dll+0x21bb2]
C  [KERNEL32.DLL+0x17034]
C  [ntdll.dll+0x52651]


---------------  P R O C E S S  ---------------

Threads class SMR info:
_java_thread_list=0x00007ffbab1f4e58, length=0, elements={
}

Java Threads: ( => current thread )

Other Threads:
  0x000001acee2cc560 GCTaskThread "GC Thread#0" [stack: 0x00000040cd500000,0x00000040cd600000] [id=19900]
  0x000001acee2dd060 ConcurrentGCThread "G1 Main Marker" [stack: 0x00000040cd600000,0x00000040cd700000] [id=19712]
  0x000001acee2df120 ConcurrentGCThread "G1 Conc#0" [stack: 0x00000040cd700000,0x00000040cd800000] [id=15920]

[error occurred during error reporting (printing all threads), id 0xc0000005, EXCEPTION_ACCESS_VIOLATION (0xc0000005) at pc=0x00007ffbaa9cb7f7]

VM state: not at safepoint (not fully initialized)

VM Mutex/Monitor currently owned by a thread:  ([mutex/lock_event])
[0x000001acee287a70] Heap_lock - owner thread: 0x000001acee28bb60

Heap address: 0x0000000081a00000, size: 2022 MB, Compressed Oops mode: 32-bit

CDS archive(s) mapped at: [0x0000000000000000-0x0000000000000000-0x0000000000000000), size 0, SharedBaseAddress: 0x0000000800000000, ArchiveRelocationMode: 0.
Narrow klass base: 0x0000000000000000, Narrow klass shift: 0, Narrow klass range: 0x0

GC Precious Log:
<Empty>

Heap:
 garbage-first heap   total 0K, used 0K [0x0000000081a00000, 0x0000000100000000)
  region size 1024K, 0 young (0K), 0 survivors (0K)

[error occurred during error reporting (printing heap information), id 0xc0000005, EXCEPTION_ACCESS_VIOLATION (0xc0000005) at pc=0x00007ffbaadadfc9]

GC Heap History (0 events):
No events

Deoptimization events (0 events):
No events

Classes unloaded (0 events):
No events

Classes redefined (0 events):
No events

Internal exceptions (0 events):
No events

VM Operations (0 events):
No events

Events (1 events):
Event: 0.012 Loaded shared library C:\Users\Kaung Moe Set\.p2\pool\plugins\org.eclipse.justj.openjdk.hotspot.jre.full.win32.x86_64_17.0.0.v20211012-1059\jre\bin\java.dll


Dynamic libraries:
0x00007ff7ae250000 - 0x00007ff7ae25e000 	C:\Users\Kaung Moe Set\.p2\pool\plugins\org.eclipse.justj.openjdk.hotspot.jre.full.win32.x86_64_17.0.0.v20211012-1059\jre\bin\javaw.exe
0x00007ffbe5bf0000 - 0x00007ffbe5de5000 	C:\WINDOWS\SYSTEM32\ntdll.dll
0x00007ffbe51c0000 - 0x00007ffbe527e000 	C:\WINDOWS\System32\KERNEL32.DLL
0x00007ffbe38d0000 - 0x00007ffbe3b98000 	C:\WINDOWS\System32\KERNELBASE.dll
0x00007ffbe33b0000 - 0x00007ffbe34b0000 	C:\WINDOWS\System32\ucrtbase.dll
0x00007ffbd6e40000 - 0x00007ffbd6e59000 	C:\Users\Kaung Moe Set\.p2\pool\plugins\org.eclipse.justj.openjdk.hotspot.jre.full.win32.x86_64_17.0.0.v20211012-1059\jre\bin\VCRUNTIME140.dll
0x00007ffbd7590000 - 0x00007ffbd75a8000 	C:\Users\Kaung Moe Set\.p2\pool\plugins\org.eclipse.justj.openjdk.hotspot.jre.full.win32.x86_64_17.0.0.v20211012-1059\jre\bin\jli.dll
0x00007ffbe5610000 - 0x00007ffbe57b1000 	C:\WINDOWS\System32\USER32.dll
0x00007ffbe3790000 - 0x00007ffbe37b2000 	C:\WINDOWS\System32\win32u.dll
0x00007ffbe3ee0000 - 0x00007ffbe3f0b000 	C:\WINDOWS\System32\GDI32.dll
0x00007ffbd4a30000 - 0x00007ffbd4cca000 	C:\WINDOWS\WinSxS\amd64_microsoft.windows.common-controls_6595b64144ccf1df_6.0.19041.1110_none_60b5254171f9507e\COMCTL32.dll
0x00007ffbe4d50000 - 0x00007ffbe4dee000 	C:\WINDOWS\System32\msvcrt.dll
0x00007ffbe37c0000 - 0x00007ffbe38cd000 	C:\WINDOWS\System32\gdi32full.dll
0x00007ffbe34e0000 - 0x00007ffbe357d000 	C:\WINDOWS\System32\msvcp_win.dll
0x00007ffbe3f20000 - 0x00007ffbe3f50000 	C:\WINDOWS\System32\IMM32.DLL
0x00007ffbdfb80000 - 0x00007ffbdfb8c000 	C:\Users\Kaung Moe Set\.p2\pool\plugins\org.eclipse.justj.openjdk.hotspot.jre.full.win32.x86_64_17.0.0.v20211012-1059\jre\bin\vcruntime140_1.dll
0x00007ffbbf420000 - 0x00007ffbbf4b1000 	C:\Users\Kaung Moe Set\.p2\pool\plugins\org.eclipse.justj.openjdk.hotspot.jre.full.win32.x86_64_17.0.0.v20211012-1059\jre\bin\msvcp140.dll
0x00007ffbaa6e0000 - 0x00007ffbab326000 	C:\Users\Kaung Moe Set\.p2\pool\plugins\org.eclipse.justj.openjdk.hotspot.jre.full.win32.x86_64_17.0.0.v20211012-1059\jre\bin\server\jvm.dll
0x00007ffbe5040000 - 0x00007ffbe50ee000 	C:\WINDOWS\System32\ADVAPI32.dll
0x00007ffbe4f90000 - 0x00007ffbe502c000 	C:\WINDOWS\System32\sechost.dll
0x00007ffbe54e0000 - 0x00007ffbe5605000 	C:\WINDOWS\System32\RPCRT4.dll
0x00007ffbe3f10000 - 0x00007ffbe3f18000 	C:\WINDOWS\System32\PSAPI.DLL
0x00007ffbd4da0000 - 0x00007ffbd4da9000 	C:\WINDOWS\SYSTEM32\WSOCK32.dll
0x00007ffbd1b50000 - 0x00007ffbd1b77000 	C:\WINDOWS\SYSTEM32\WINMM.dll
0x00007ffbe4ec0000 - 0x00007ffbe4f2b000 	C:\WINDOWS\System32\WS2_32.dll
0x00007ffbd71d0000 - 0x00007ffbd71da000 	C:\WINDOWS\SYSTEM32\VERSION.dll
0x00007ffbe11f0000 - 0x00007ffbe1202000 	C:\WINDOWS\SYSTEM32\kernel.appcore.dll
0x00007ffbdfb40000 - 0x00007ffbdfb4a000 	C:\Users\Kaung Moe Set\.p2\pool\plugins\org.eclipse.justj.openjdk.hotspot.jre.full.win32.x86_64_17.0.0.v20211012-1059\jre\bin\jimage.dll
0x00007ffbe0b90000 - 0x00007ffbe0d74000 	C:\WINDOWS\SYSTEM32\DBGHELP.DLL
0x00007ffbd18e0000 - 0x00007ffbd190c000 	C:\WINDOWS\SYSTEM32\dbgcore.DLL
0x00007ffbe3ba0000 - 0x00007ffbe3c22000 	C:\WINDOWS\System32\bcryptPrimitives.dll
0x00007ffbc4be0000 - 0x00007ffbc4c05000 	C:\Users\Kaung Moe Set\.p2\pool\plugins\org.eclipse.justj.openjdk.hotspot.jre.full.win32.x86_64_17.0.0.v20211012-1059\jre\bin\java.dll

dbghelp: loaded successfully - version: 4.0.5 - missing functions: none
symbol engine: initialized successfully - sym options: 0x614 - pdb path: .;C:\Users\Kaung Moe Set\.p2\pool\plugins\org.eclipse.justj.openjdk.hotspot.jre.full.win32.x86_64_17.0.0.v20211012-1059\jre\bin;C:\WINDOWS\SYSTEM32;C:\WINDOWS\WinSxS\amd64_microsoft.windows.common-controls_6595b64144ccf1df_6.0.19041.1110_none_60b5254171f9507e;C:\Users\Kaung Moe Set\.p2\pool\plugins\org.eclipse.justj.openjdk.hotspot.jre.full.win32.x86_64_17.0.0.v20211012-1059\jre\bin\server

VM Arguments:
jvm_args: -Dfile.encoding=Cp1252 -XX:+ShowCodeDetailsInExceptionMessages 
java_command: Library
java_class_path (initial): C:\Users\Kaung Moe Set\git\Library-CoreJava-\Library(CoreJava)\bin
Launcher Type: SUN_STANDARD

[Global flags]
     intx CICompilerCount                          = 3                                         {product} {ergonomic}
     uint ConcGCThreads                            = 1                                         {product} {ergonomic}
     uint G1ConcRefinementThreads                  = 4                                         {product} {ergonomic}
   size_t G1HeapRegionSize                         = 1048576                                   {product} {ergonomic}
    uintx GCDrainStackTargetSize                   = 64                                        {product} {ergonomic}
   size_t InitialHeapSize                          = 134217728                                 {product} {ergonomic}
   size_t MarkStackSize                            = 4194304                                   {product} {ergonomic}
   size_t MaxHeapSize                              = 2120220672                                {product} {ergonomic}
   size_t MinHeapDeltaBytes                        = 1048576                                   {product} {ergonomic}
   size_t MinHeapSize                              = 8388608                                   {product} {ergonomic}
    uintx NonNMethodCodeHeapSize                   = 5832780                                {pd product} {ergonomic}
    uintx NonProfiledCodeHeapSize                  = 122912730                              {pd product} {ergonomic}
    uintx ProfiledCodeHeapSize                     = 122912730                              {pd product} {ergonomic}
    uintx ReservedCodeCacheSize                    = 251658240                              {pd product} {ergonomic}
     bool SegmentedCodeCache                       = true                                      {product} {ergonomic}
     bool ShowCodeDetailsInExceptionMessages       = true                                   {manageable} {command line}
   size_t SoftMaxHeapSize                          = 2120220672                             {manageable} {ergonomic}
     bool UseCompressedClassPointers               = true                           {product lp64_product} {ergonomic}
     bool UseCompressedOops                        = true                           {product lp64_product} {ergonomic}
     bool UseG1GC                                  = true                                      {product} {ergonomic}
     bool UseLargePagesIndividualAllocation        = false                                  {pd product} {ergonomic}

Logging:
Log output configuration:
 #0: stdout all=warning uptime,level,tags
 #1: stderr all=off uptime,level,tags

Environment Variables:
PATH=C:/Users/Kaung Moe Set/.p2/pool/plugins/org.eclipse.justj.openjdk.hotspot.jre.full.win32.x86_64_17.0.1.v20211116-1657/jre/bin/server;C:/Users/Kaung Moe Set/.p2/pool/plugins/org.eclipse.justj.openjdk.hotspot.jre.full.win32.x86_64_17.0.1.v20211116-1657/jre/bin;C:\Program Files\Common Files\Oracle\Java\javapath;C:\Program Files (x86)\Common Files\Oracle\Java\javapath;C:\WINDOWS\system32;C:\WINDOWS;C:\WINDOWS\System32\Wbem;C:\WINDOWS\System32\WindowsPowerShell\v1.0\;C:\WINDOWS\System32\OpenSSH\;C:\Program Files\WireGuard\;C:\Program Files\Git\cmd;C:\Maven\bin;C:\Program Files\MySQL\MySQL Shell 8.0\bin\;C:\Users\Kaung Moe Set\AppData\Local\Microsoft\WindowsApps;C:\Users\Kaung Moe Set\AppData\Local\Programs\Microsoft VS Code\bin;C:\Users\Kaung Moe Set\AppData\Local\GitHubDesktop\bin;C:\Program Files\JetBrains\IntelliJ IDEA Community Edition 2021.3.1\bin;;C:\Users\Kaung Moe Set\Desktop;
USERNAME=Kaung Moe Set
OS=Windows_NT
PROCESSOR_IDENTIFIER=Intel64 Family 6 Model 60 Stepping 3, GenuineIntel



---------------  S Y S T E M  ---------------

OS:
 Windows 10 , 64 bit Build 19041 (10.0.19041.1466)
OS uptime: 16 days 1:27 hours

CPU: total 4 (initial active 4) (2 cores per cpu, 2 threads per core) family 6 model 60 stepping 3 microcode 0x27, cx8, cmov, fxsr, ht, mmx, sse, sse2, sse3, ssse3, sse4.1, sse4.2, popcnt, lzcnt, tsc, tscinvbit, avx, avx2, erms, clmul, bmi1, bmi2, fma, vzeroupper, clflush

Memory: 4k page, system-wide physical 8084M (969M free)
TotalPageFile size 24192M (AvailPageFile size 5M)
current process WorkingSet (physical memory assigned to process): 10M, peak: 10M
current process commit charge ("private bytes"): 179M, peak: 181M

vm_info: OpenJDK 64-Bit Server VM (17+35) for windows-amd64 JRE (17+35), built on Sep 14 2021 17:27:39 by "" with MS VC++ 16.7 (VS2019)

END.
